Java HotSpot(TM) 64-Bit Server VM (25.311-b11) for bsd-amd64 JRE (1.8.0_311-b11), built on Sep 27 2021 13:08:09 by "java_re" with gcc 4.2.1 Compatible Apple LLVM 11.0.0 (clang-1100.0.33.17)
Memory: 4k page, physical 16777216k(158156k free)

/proc/meminfo:

CommandLine flags: -XX:InitialHeapSize=1073741824 -XX:MaxHeapSize=1073741824 -XX:+PrintGC -XX:+PrintGCDateStamps -XX:+PrintGCDetails -XX:+PrintGCTimeStamps -XX:+UseCompressedClassPointers -XX:+UseCompressedOops -XX:+UseParallelGC 
2022-01-11T17:24:49.510-0800: 1.562: [GC (Allocation Failure) [PSYoungGen: 261988K->43506K(305664K)] 261988K->79238K(1005056K), 0.0378054 secs] [Times: user=0.05 sys=0.17, real=0.03 secs] 
2022-01-11T17:24:50.880-0800: 2.933: [GC (Allocation Failure) [PSYoungGen: 305650K->43503K(305664K)] 341382K->153138K(1005056K), 0.0604757 secs] [Times: user=0.09 sys=0.25, real=0.06 secs] 
2022-01-11T17:24:52.351-0800: 4.403: [GC (Allocation Failure) [PSYoungGen: 305647K->43506K(305664K)] 415282K->226785K(1005056K), 0.0582250 secs] [Times: user=0.10 sys=0.14, real=0.05 secs] 
2022-01-11T17:24:53.849-0800: 5.901: [GC (Allocation Failure) [PSYoungGen: 305557K->43519K(305664K)] 488836K->301412K(1005056K), 0.0400030 secs] [Times: user=0.10 sys=0.18, real=0.04 secs] 
2022-01-11T17:24:55.259-0800: 7.311: [GC (Allocation Failure) [PSYoungGen: 305663K->43512K(305664K)] 563556K->369427K(1005056K), 0.0869833 secs] [Times: user=0.08 sys=0.12, real=0.09 secs] 
2022-01-11T17:24:56.626-0800: 8.678: [GC (Allocation Failure) [PSYoungGen: 305656K->43515K(160256K)] 631571K->448258K(859648K), 0.0508857 secs] [Times: user=0.09 sys=0.18, real=0.05 secs] 
2022-01-11T17:24:57.305-0800: 9.357: [GC (Allocation Failure) [PSYoungGen: 160251K->66355K(232960K)] 564994K->476724K(932352K), 0.0080492 secs] [Times: user=0.06 sys=0.01, real=0.01 secs] 
2022-01-11T17:24:57.951-0800: 10.003: [GC (Allocation Failure) [PSYoungGen: 183091K->92692K(232960K)] 593460K->510435K(932352K), 0.0111542 secs] [Times: user=0.08 sys=0.02, real=0.01 secs] 
2022-01-11T17:24:58.616-0800: 10.669: [GC (Allocation Failure) [PSYoungGen: 209428K->103619K(232960K)] 627171K->541831K(932352K), 0.0180549 secs] [Times: user=0.11 sys=0.06, real=0.02 secs] 
2022-01-11T17:24:59.191-0800: 11.244: [GC (Allocation Failure) [PSYoungGen: 220355K->79397K(232960K)] 658567K->573008K(932352K), 0.0234085 secs] [Times: user=0.06 sys=0.13, real=0.02 secs] 
2022-01-11T17:24:59.799-0800: 11.851: [GC (Allocation Failure) [PSYoungGen: 196133K->39261K(232960K)] 689744K->602637K(932352K), 0.0339266 secs] [Times: user=0.06 sys=0.16, real=0.04 secs] 
2022-01-11T17:25:00.459-0800: 12.511: [GC (Allocation Failure) [PSYoungGen: 155997K->36023K(232960K)] 719373K->636563K(932352K), 0.0223188 secs] [Times: user=0.05 sys=0.08, real=0.03 secs] 
2022-01-11T17:25:00.481-0800: 12.533: [Full GC (Ergonomics) [PSYoungGen: 36023K->0K(232960K)] [ParOldGen: 600540K->327756K(699392K)] 636563K->327756K(932352K), [Metaspace: 2587K->2587K(1056768K)], 0.0501946 secs] [Times: user=0.38 sys=0.02, real=0.05 secs] 
2022-01-11T17:25:01.077-0800: 13.129: [GC (Allocation Failure) [PSYoungGen: 116649K->37012K(232960K)] 444406K->364769K(932352K), 0.0043944 secs] [Times: user=0.04 sys=0.00, real=0.01 secs] 
2022-01-11T17:25:01.692-0800: 13.744: [GC (Allocation Failure) [PSYoungGen: 153748K->35848K(232960K)] 481505K->397155K(932352K), 0.0077386 secs] [Times: user=0.07 sys=0.00, real=0.01 secs] 
2022-01-11T17:25:02.308-0800: 14.360: [GC (Allocation Failure) [PSYoungGen: 152584K->46199K(232960K)] 513891K->437847K(932352K), 0.0083262 secs] [Times: user=0.08 sys=0.00, real=0.01 secs] 
2022-01-11T17:25:02.875-0800: 14.927: [GC (Allocation Failure) [PSYoungGen: 162770K->41220K(232960K)] 554418K->474676K(932352K), 0.0090398 secs] [Times: user=0.09 sys=0.00, real=0.01 secs] 
2022-01-11T17:25:03.461-0800: 15.513: [GC (Allocation Failure) [PSYoungGen: 157735K->41917K(232960K)] 591191K->511835K(932352K), 0.0087973 secs] [Times: user=0.08 sys=0.00, real=0.01 secs] 
2022-01-11T17:25:04.073-0800: 16.125: [GC (Allocation Failure) [PSYoungGen: 158542K->42418K(232960K)] 628460K->550584K(932352K), 0.0092668 secs] [Times: user=0.08 sys=0.00, real=0.01 secs] 
2022-01-11T17:25:04.691-0800: 16.743: [GC (Allocation Failure) [PSYoungGen: 159154K->37961K(232960K)] 667320K->584448K(932352K), 0.0082491 secs] [Times: user=0.08 sys=0.01, real=0.00 secs] 
2022-01-11T17:25:05.298-0800: 17.350: [GC (Allocation Failure) [PSYoungGen: 154368K->35686K(232960K)] 700854K->615924K(932352K), 0.0076788 secs] [Times: user=0.07 sys=0.00, real=0.01 secs] 
2022-01-11T17:25:05.891-0800: 17.943: [GC (Allocation Failure) [PSYoungGen: 152263K->38208K(232960K)] 732501K->651617K(932352K), 0.0106604 secs] [Times: user=0.05 sys=0.03, real=0.01 secs] 
2022-01-11T17:25:06.477-0800: 18.529: [GC (Allocation Failure) [PSYoungGen: 154944K->40843K(232960K)] 768353K->689223K(932352K), 0.0152454 secs] [Times: user=0.04 sys=0.08, real=0.02 secs] 
2022-01-11T17:25:06.493-0800: 18.545: [Full GC (Ergonomics) [PSYoungGen: 40843K->0K(232960K)] [ParOldGen: 648379K->382816K(699392K)] 689223K->382816K(932352K), [Metaspace: 2587K->2587K(1056768K)], 0.0469647 secs] [Times: user=0.41 sys=0.01, real=0.05 secs] 
2022-01-11T17:25:07.150-0800: 19.202: [GC (Allocation Failure) [PSYoungGen: 116582K->36002K(232960K)] 499398K->418818K(932352K), 0.0042187 secs] [Times: user=0.04 sys=0.00, real=0.00 secs] 
2022-01-11T17:25:07.786-0800: 19.838: [GC (Allocation Failure) [PSYoungGen: 152738K->43216K(232960K)] 535554K->457570K(932352K), 0.0085432 secs] [Times: user=0.05 sys=0.00, real=0.01 secs] 
Heap
 PSYoungGen      total 232960K, used 88703K [0x00000007aab00000, 0x00000007c0000000, 0x00000007c0000000)
  eden space 116736K, 38% used [0x00000007aab00000,0x00000007ad76bb40,0x00000007b1d00000)
  from space 116224K, 37% used [0x00000007b8e80000,0x00000007bb8b43f0,0x00000007c0000000)
  to   space 116224K, 0% used [0x00000007b1d00000,0x00000007b1d00000,0x00000007b8e80000)
 ParOldGen       total 699392K, used 414353K [0x0000000780000000, 0x00000007aab00000, 0x00000007aab00000)
  object space 699392K, 59% used [0x0000000780000000,0x00000007994a4518,0x00000007aab00000)
 Metaspace       used 2593K, capacity 4486K, committed 4864K, reserved 1056768K
  class space    used 277K, capacity 386K, committed 512K, reserved 1048576K
